[16/lug/2013 12:26:57] [:] INFO - 

=====================
Starting OpenHospital
=====================
 (org.isf.menu.gui.Menu.createAndShowGUI(Menu.java:24))
[16/lug/2013 12:26:57] [:] INFO - OpenHospital version 1.7.2 (org.isf.menu.gui.Menu.checkOHVersion(Menu.java:33))
[16/lug/2013 12:26:57] [:] INFO - Java version 1.7.0_21 (org.isf.menu.gui.Menu.checkJavaVersion(Menu.java:39))
[16/lug/2013 12:27:01] [:] INFO - File generalData.properties loaded.  (org.isf.generaldata.GeneralData.<init>(GeneralData.java:88))
[16/lug/2013 12:27:01] [:] INFO - Logging: Single User mode. (org.isf.menu.gui.MainMenu.<init>(MainMenu.java:114))
[16/lug/2013 12:27:01] [admin:admin] DEBUG - Query select mn.*,GROUPMENU.GM_ACTIVE from USERGROUP inner join USER on US_UG_ID_A=UG_ID_A  inner join GROUPMENU on UG_ID_A=GM_UG_ID_A inner join MENUITEM as mn on  GM_MNI_ID_A=mn.MNI_ID_A where US_ID_A = ? order by MNI_POSITION (org.isf.utils.db.DbQueryLogger.getDataWithParams(DbQueryLogger.java:62))
[16/lug/2013 12:27:01] [admin:admin] ERROR - >> key not found: angal.menu.btn.test (org.isf.generaldata.MessageBundle.getMessage(MessageBundle.java:42))
[16/lug/2013 12:27:01] [admin:admin] ERROR - >> key not found: angal.test.test (org.isf.generaldata.MessageBundle.getMessage(MessageBundle.java:42))
[16/lug/2013 12:27:07] [admin:admin] INFO - 

=====================
 OpenHospital closed 
=====================
 (org.isf.menu.gui.MainMenu.actionExit(MainMenu.java:257))
[16/lug/2013 12:29:43] [:] INFO - 

=====================
Starting OpenHospital
=====================
 (org.isf.menu.gui.Menu.createAndShowGUI(Menu.java:24))
[16/lug/2013 12:29:43] [:] INFO - OpenHospital version 1.7.2 (org.isf.menu.gui.Menu.checkOHVersion(Menu.java:33))
[16/lug/2013 12:29:43] [:] INFO - Java version 1.7.0_21 (org.isf.menu.gui.Menu.checkJavaVersion(Menu.java:39))
[16/lug/2013 12:29:46] [:] INFO - File generalData.properties loaded.  (org.isf.generaldata.GeneralData.<init>(GeneralData.java:88))
[16/lug/2013 12:29:46] [:] INFO - Logging: Single User mode. (org.isf.menu.gui.MainMenu.<init>(MainMenu.java:114))
[16/lug/2013 12:29:46] [admin:admin] DEBUG - Query select mn.*,GROUPMENU.GM_ACTIVE from USERGROUP inner join USER on US_UG_ID_A=UG_ID_A  inner join GROUPMENU on UG_ID_A=GM_UG_ID_A inner join MENUITEM as mn on  GM_MNI_ID_A=mn.MNI_ID_A where US_ID_A = ? order by MNI_POSITION (org.isf.utils.db.DbQueryLogger.getDataWithParams(DbQueryLogger.java:62))
[16/lug/2013 12:29:46] [admin:admin] ERROR - >> key not found: angal.menu.btn.test (org.isf.generaldata.MessageBundle.getMessage(MessageBundle.java:42))
[16/lug/2013 12:29:46] [admin:admin] ERROR - >> key not found: angal.test.test (org.isf.generaldata.MessageBundle.getMessage(MessageBundle.java:42))
[16/lug/2013 12:29:58] [admin:admin] DEBUG - Query SELECT * FROM EXAM JOIN EXAMTYPE ON EXA_EXC_ID_A = EXC_ID_A ORDER BY EXC_DESC, EXA_DESC (org.isf.utils.db.DbQueryLogger.getData(DbQueryLogger.java:38))
[16/lug/2013 12:29:58] [admin:admin] DEBUG - Query SELECT * FROM LABORATORY JOIN EXAM ON LAB_EXA_ID_A = EXA_ID_A WHERE LAB_EXAM_DATE >= ? AND LAB_EXAM_DATE <= ? ORDER BY LAB_EXAM_DATE (org.isf.utils.db.DbQueryLogger.getDataWithParams(DbQueryLogger.java:62))
[16/lug/2013 12:30:01] [admin:admin] INFO - 

=====================
 OpenHospital closed 
=====================
 (org.isf.menu.gui.MainMenu.actionExit(MainMenu.java:257))
[16/lug/2013 15:33:24] [:] INFO - 

=====================
Starting OpenHospital
=====================
 (org.isf.menu.gui.Menu.createAndShowGUI(Menu.java:24))
[16/lug/2013 15:33:25] [:] INFO - OpenHospital version 1.7.2 (org.isf.menu.gui.Menu.checkOHVersion(Menu.java:33))
[16/lug/2013 15:33:25] [:] INFO - Java version 1.7.0_21 (org.isf.menu.gui.Menu.checkJavaVersion(Menu.java:39))
[16/lug/2013 15:33:29] [:] INFO - File generalData.properties loaded.  (org.isf.generaldata.GeneralData.<init>(GeneralData.java:88))
[16/lug/2013 15:33:29] [:] INFO - Logging: Single User mode. (org.isf.menu.gui.MainMenu.<init>(MainMenu.java:114))
[16/lug/2013 15:33:29] [admin:admin] DEBUG - Query select mn.*,GROUPMENU.GM_ACTIVE from USERGROUP inner join USER on US_UG_ID_A=UG_ID_A  inner join GROUPMENU on UG_ID_A=GM_UG_ID_A inner join MENUITEM as mn on  GM_MNI_ID_A=mn.MNI_ID_A where US_ID_A = ? order by MNI_POSITION (org.isf.utils.db.DbQueryLogger.getDataWithParams(DbQueryLogger.java:62))
[16/lug/2013 15:33:30] [admin:admin] ERROR - >> key not found: angal.menu.btn.test (org.isf.generaldata.MessageBundle.getMessage(MessageBundle.java:42))
[16/lug/2013 15:33:30] [admin:admin] ERROR - >> key not found: angal.test.test (org.isf.generaldata.MessageBundle.getMessage(MessageBundle.java:42))
[16/lug/2013 15:33:38] [admin:admin] INFO - 

=====================
 OpenHospital closed 
=====================
 (org.isf.menu.gui.MainMenu.actionExit(MainMenu.java:257))
